<?xml version="1.0" encoding="utf-8"?><testsuites name="pytest tests"><testsuite name="pytest" errors="0" failures="1" skipped="0" tests="19" time="2.088" timestamp="2026-05-17T07:27:47.230446+00:00" hostname="agent-env-eda8d85f-ecbd-4883-ab09-74303bb66cb4"><testcase classname="backend.tests.test_console" name="test_health" time="0.222" /><testcase classname="backend.tests.test_console" name="test_providers_initial_listing" time="0.054" /><testcase classname="backend.tests.test_console" name="test_setup_openrouter_from_key" time="0.067" /><testcase classname="backend.tests.test_console" name="test_setup_anthropic_from_key" time="0.058" /><testcase classname="backend.tests.test_console" name="test_setup_groq_from_key" time="0.052" /><testcase classname="backend.tests.test_console" name="test_providers_list_has_masked_keys" time="0.055" /><testcase classname="backend.tests.test_console" name="test_update_provider_routing_and_default" time="0.158" /><testcase classname="backend.tests.test_console" name="test_update_provider_key" time="0.155" /><testcase classname="backend.tests.test_console" name="test_provider_test_endpoint_with_fake_key" time="0.234" /><testcase classname="backend.tests.test_console" name="test_delete_last_active_provider_fails" time="0.210" /><testcase classname="backend.tests.test_console" name="test_agents_grouped_by_stage" time="0.053"><failure message="AssertionError: expected 22 agents, got 21&#10;assert 21 == 22">backend/tests/test_console.py:153: in test_agents_grouped_by_stage
    assert total == 22, f"expected 22 agents, got {total}"
E   AssertionError: expected 22 agents, got 21
E   assert 21 == 22</failure></testcase><testcase classname="backend.tests.test_console" name="test_get_agent_srs_generate" time="0.053" /><testcase classname="backend.tests.test_console" name="test_update_agent" time="0.159" /><testcase classname="backend.tests.test_console" name="test_reset_budget" time="0.105" /><testcase classname="backend.tests.test_console" name="test_usage_summary_shape" time="0.055" /><testcase classname="backend.tests.test_console" name="test_prompt_preview" time="0.142" /><testcase classname="backend.tests.test_console" name="test_prompt_preview_unknown_key" time="0.058" /><testcase classname="backend.tests.test_console" name="test_github_test_token_only_valid_length" time="0.058" /><testcase classname="backend.tests.test_console" name="test_github_test_token_too_short" time="0.053" /></testsuite></testsuites>