<?xml version="1.0" encoding="utf-8"?><testsuites name="pytest tests"><testsuite name="pytest" errors="0" failures="0" skipped="0" tests="21" time="29.368" timestamp="2026-05-16T11:30:06.215156+00:00" hostname="agent-env-eda8d85f-ecbd-4883-ab09-74303bb66cb4"><testcase classname="backend.tests.test_migrationos.TestProjects" name="test_list_projects_includes_pilot" time="0.276" /><testcase classname="backend.tests.test_migrationos.TestProjects" name="test_create_project" time="0.114" /><testcase classname="backend.tests.test_migrationos.TestPrompts" name="test_list_prompts_has_8_seeded" time="0.049" /><testcase classname="backend.tests.test_migrationos.TestPrompts" name="test_update_prompt_bumps_version" time="0.094" /><testcase classname="backend.tests.test_migrationos.TestKB" name="test_upload_files" time="0.211" /><testcase classname="backend.tests.test_migrationos.TestKB" name="test_build_kb_extracts_entities" time="0.070" /><testcase classname="backend.tests.test_migrationos.TestKB" name="test_kb_status" time="0.047" /><testcase classname="backend.tests.test_migrationos.TestKB" name="test_kb_toon" time="0.047" /><testcase classname="backend.tests.test_migrationos.TestKB" name="test_kb_glossary" time="0.045" /><testcase classname="backend.tests.test_migrationos.TestChat" name="test_list_models" time="0.046" /><testcase classname="backend.tests.test_migrationos.TestChat" name="test_chat_message_real_llm" time="2.063" /><testcase classname="backend.tests.test_migrationos.TestChat" name="test_chat_history" time="0.049" /><testcase classname="backend.tests.test_migrationos.TestSRS" name="test_generate_srs_real_llm" time="25.431" /><testcase classname="backend.tests.test_migrationos.TestSRS" name="test_get_srs" time="0.051" /><testcase classname="backend.tests.test_migrationos.TestSRS" name="test_update_section" time="0.096" /><testcase classname="backend.tests.test_migrationos.TestSRS" name="test_freeze_and_project_status" time="0.139" /><testcase classname="backend.tests.test_migrationos.TestSRS" name="test_section_edit_blocked_when_frozen" time="0.046" /><testcase classname="backend.tests.test_migrationos.TestSRS" name="test_unfreeze" time="0.143" /><testcase classname="backend.tests.test_migrationos.TestSRS" name="test_export_pdf" time="0.135" /><testcase classname="backend.tests.test_migrationos.TestGithub" name="test_push_stub" time="0.047" /><testcase classname="backend.tests.test_migrationos.TestAudit" name="test_audit_log" time="0.045" /></testsuite></testsuites>