<?xml version="1.0" encoding="utf-8"?><testsuites name="pytest tests"><testsuite name="pytest" errors="0" failures="2" skipped="0" tests="13" time="80.299" timestamp="2026-05-16T13:06:49.470350+00:00" hostname="agent-env-eda8d85f-ecbd-4883-ab09-74303bb66cb4"><testcase classname="backend.tests.test_lama_v4.TestService" name="test_root_returns_lama" time="0.229" /><testcase classname="backend.tests.test_lama_v4.TestPrompts" name="test_prompts_include_srs_edit_v1plus" time="0.053" /><testcase classname="backend.tests.test_lama_v4.TestChat" name="test_chat_non_edit_mode_regression" time="18.078" /><testcase classname="backend.tests.test_lama_v4.TestChat" name="test_chat_edit_mode_uses_srs_edit_prompt" time="60.045"><failure message="AssertionError: The preview environment is not responding. It may be starting up.&#10;  &#10;assert 502 == 200&#10; +  where 502 = &lt;Response [502]&gt;.status_code">backend/tests/test_lama_v4.py:105: in test_chat_edit_mode_uses_srs_edit_prompt
    assert r.status_code == 200, r.text
E   AssertionError: The preview environment is not responding. It may be starting up.
E     
E   assert 502 == 200
E    +  where 502 = &lt;Response [502]&gt;.status_code</failure></testcase><testcase classname="backend.tests.test_lama_v4.TestKBBuild" name="test_build_returns_indexed_field" time="0.787" /><testcase classname="backend.tests.test_lama_v4.TestKBDeleteAll" name="test_delete_all_non_existent_project" time="0.323" /><testcase classname="backend.tests.test_lama_v4.TestSRSStream" name="test_stream_returns_text_event_stream_and_start_event" time="0.266" /><testcase classname="backend.tests.test_lama_v4.TestSRSDoc" name="test_get_srs_returns_sections" time="0.057" /><testcase classname="backend.tests.test_lama_v4.TestSRSDoc" name="test_freeze_then_unfreeze" time="0.145" /><testcase classname="backend.tests.test_lama_v4.TestGithub" name="test_github_test_invalid_token" time="0.051"><failure message="AssertionError: {&quot;detail&quot;:[{&quot;type&quot;:&quot;missing&quot;,&quot;loc&quot;:[&quot;body&quot;,&quot;repo_url&quot;],&quot;msg&quot;:&quot;Field required&quot;,&quot;input&quot;:{&quot;token&quot;:&quot;ghp_invalid_token_xxxxxxxxxxxxxxxxxx&quot;},&quot;url&quot;:&quot;https://errors.pydantic.dev/2.13/v/missing&quot;}]}&#10;assert 422 == 200&#10; +  where 422 = &lt;Response [422]&gt;.status_code">backend/tests/test_lama_v4.py:204: in test_github_test_invalid_token
    assert r.status_code == 200, r.text
E   AssertionError: {"detail":[{"type":"missing","loc":["body","repo_url"],"msg":"Field required","input":{"token":"ghp_invalid_token_xxxxxxxxxxxxxxxxxx"},"url":"https://errors.pydantic.dev/2.13/v/missing"}]}
E   assert 422 == 200
E    +  where 422 = &lt;Response [422]&gt;.status_code</failure></testcase><testcase classname="backend.tests.test_lama_v4.TestGithub" name="test_github_config_saves" time="0.050" /><testcase classname="backend.tests.test_lama_v4.TestGithub" name="test_github_push_without_srs_returns_error_status" time="0.047" /><testcase classname="backend.tests.test_lama_v4.TestKBScanFolder" name="test_scan_folder_php_sql" time="0.052" /></testsuite></testsuites>