<?xml version="1.0" encoding="utf-8"?><testsuites name="pytest tests"><testsuite name="pytest" errors="0" failures="1" skipped="0" tests="20" time="52.606" timestamp="2026-05-16T11:49:19.842351+00:00" hostname="agent-env-eda8d85f-ecbd-4883-ab09-74303bb66cb4"><testcase classname="backend.tests.test_lama_v2.TestServiceRename" name="test_root_is_lama" time="0.267" /><testcase classname="backend.tests.test_lama_v2.TestKBScanFolder" name="test_missing_folder_path_returns_400" time="0.109" /><testcase classname="backend.tests.test_lama_v2.TestKBScanFolder" name="test_missing_project_id_returns_400" time="0.050" /><testcase classname="backend.tests.test_lama_v2.TestKBScanFolder" name="test_nonexistent_path_returns_400" time="0.053" /><testcase classname="backend.tests.test_lama_v2.TestKBScanFolder" name="test_scan_valid_folder_ingests_and_skips" time="0.055"><failure message="AssertionError: Expected skipped {'Legacy.php_03Mar2025', 'notes.save', 'config_old.php', 'old.bak', 'data_bkp.sql'}, got {'config_old.php', 'data_bkp.sql'}&#10;assert False&#10; +  where False = &lt;built-in method issubset of set object at 0xfdf0e577b300&gt;({'config_old.php', 'data_bkp.sql'})&#10; +    where &lt;built-in method issubset of set object at 0xfdf0e577b300&gt; = {'Legacy.php_03Mar2025', 'config_old.php', 'data_bkp.sql', 'notes.save', 'old.bak'}.issubset">backend/tests/test_lama_v2.py:130: in test_scan_valid_folder_ingests_and_skips
    assert expected_skipped.issubset(skipped_files), (
E   AssertionError: Expected skipped {'Legacy.php_03Mar2025', 'notes.save', 'config_old.php', 'old.bak', 'data_bkp.sql'}, got {'config_old.php', 'data_bkp.sql'}
E   assert False
E    +  where False = &lt;built-in method issubset of set object at 0xfdf0e577b300&gt;({'config_old.php', 'data_bkp.sql'})
E    +    where &lt;built-in method issubset of set object at 0xfdf0e577b300&gt; = {'Legacy.php_03Mar2025', 'config_old.php', 'data_bkp.sql', 'notes.save', 'old.bak'}.issubset</failure></testcase><testcase classname="backend.tests.test_lama_v2.TestKBScanFolder" name="test_files_listed_after_scan" time="0.053" /><testcase classname="backend.tests.test_lama_v2.TestKBScanFolder" name="test_build_after_scan" time="0.067" /><testcase classname="backend.tests.test_lama_v2.TestChatIntent" name="test_gap_question_intent" time="1.502" /><testcase classname="backend.tests.test_lama_v2.TestChatIntent" name="test_srs_generate_intent_triggers" time="48.374" /><testcase classname="backend.tests.test_lama_v2.TestToonPruning" name="test_chat_handles_large_kb" time="1.273" /><testcase classname="backend.tests.test_lama_v2.TestGithub" name="test_save_config" time="0.060" /><testcase classname="backend.tests.test_lama_v2.TestGithub" name="test_get_config_does_not_leak_token" time="0.058" /><testcase classname="backend.tests.test_lama_v2.TestGithub" name="test_test_connection_invalid_token" time="0.184" /><testcase classname="backend.tests.test_lama_v2.TestGithub" name="test_push_without_configured_repo_returns_error" time="0.053" /><testcase classname="backend.tests.test_lama_v2.TestGithub" name="test_push_without_srs_returns_error" time="0.052" /><testcase classname="backend.tests.test_lama_v2.TestRegression" name="test_projects_list" time="0.052" /><testcase classname="backend.tests.test_lama_v2.TestRegression" name="test_project_get" time="0.056" /><testcase classname="backend.tests.test_lama_v2.TestRegression" name="test_project_create" time="0.052" /><testcase classname="backend.tests.test_lama_v2.TestRegression" name="test_prompts_list" time="0.058" /><testcase classname="backend.tests.test_lama_v2.TestRegression" name="test_audit_log" time="0.056" /></testsuite></testsuites>