<?xml version="1.0" encoding="utf-8"?><testsuites name="pytest tests"><testsuite name="pytest" errors="0" failures="0" skipped="0" tests="18" time="2.547" timestamp="2026-05-16T18:22:58.427841+00:00" hostname="agent-env-eda8d85f-ecbd-4883-ab09-74303bb66cb4"><testcase classname="backend.tests.test_arch_codegen" name="test_health" time="0.141" /><testcase classname="backend.tests.test_arch_codegen" name="test_arch_recommend_missing_project_id" time="0.136" /><testcase classname="backend.tests.test_arch_codegen" name="test_arch_recommend_invalid_project_returns_400" time="0.238" /><testcase classname="backend.tests.test_arch_codegen" name="test_arch_hld_missing_project_id" time="0.108" /><testcase classname="backend.tests.test_arch_codegen" name="test_arch_lld_missing_project_id" time="0.144" /><testcase classname="backend.tests.test_arch_codegen" name="test_arch_sequence_missing_project_id" time="0.159" /><testcase classname="backend.tests.test_arch_codegen" name="test_arch_artifacts_fresh_project" time="0.141" /><testcase classname="backend.tests.test_arch_codegen" name="test_arch_chat_missing_project_id" time="0.100" /><testcase classname="backend.tests.test_arch_codegen" name="test_arch_chat_missing_message" time="0.263" /><testcase classname="backend.tests.test_arch_codegen" name="test_arch_reset_works" time="0.106" /><testcase classname="backend.tests.test_arch_codegen" name="test_codegen_generate_missing_project_id" time="0.132" /><testcase classname="backend.tests.test_arch_codegen" name="test_codegen_generate_no_arch_frozen" time="0.106" /><testcase classname="backend.tests.test_arch_codegen" name="test_codegen_files_fresh_project" time="0.120" /><testcase classname="backend.tests.test_arch_codegen" name="test_codegen_download_zip_empty" time="0.115" /><testcase classname="backend.tests.test_arch_codegen" name="test_codegen_chat_missing_project_id" time="0.104" /><testcase classname="backend.tests.test_arch_codegen" name="test_codegen_reset_works" time="0.136" /><testcase classname="backend.tests.test_arch_codegen" name="test_codegen_job_not_found" time="0.105" /><testcase classname="backend.tests.test_arch_codegen" name="test_arch_job_not_found" time="0.109" /></testsuite></testsuites>