<?xml version="1.0" encoding="utf-8"?><testsuites name="pytest tests"><testsuite name="pytest" errors="0" failures="1" skipped="0" tests="19" time="1.428" timestamp="2026-05-16T14:54:22.232375+00:00" hostname="agent-env-eda8d85f-ecbd-4883-ab09-74303bb66cb4"><testcase classname="backend.tests.test_datamodel.TestHealth" name="test_health" time="0.288" /><testcase classname="backend.tests.test_datamodel.TestSeedPrompts" name="test_datamodel_prompts_present" time="0.049" /><testcase classname="backend.tests.test_datamodel.TestPipelineGate" name="test_generate_oltp_gated" time="0.061" /><testcase classname="backend.tests.test_datamodel.TestPipelineGate" name="test_generate_entity_graph_gated" time="0.053" /><testcase classname="backend.tests.test_datamodel.TestPipelineGate" name="test_chat_gated" time="0.055" /><testcase classname="backend.tests.test_datamodel.TestPipelineGate" name="test_generate_olap_gated" time="0.049" /><testcase classname="backend.tests.test_datamodel.TestPipelineGate" name="test_generate_bus_matrix_gated" time="0.048" /><testcase classname="backend.tests.test_datamodel.TestPipelineGate" name="test_generate_migration_scripts_gated" time="0.048" /><testcase classname="backend.tests.test_datamodel.TestArtifactList" name="test_list_artifacts_fresh_project" time="0.057" /><testcase classname="backend.tests.test_datamodel.TestStage2Reset" name="test_reset_no_artifacts_returns_200" time="0.057" /><testcase classname="backend.tests.test_datamodel.TestFactoryReset" name="test_factory_reset_404_fake_project" time="0.049" /><testcase classname="backend.tests.test_datamodel.TestFactoryReset" name="test_factory_reset_route_registered" time="0.017" /><testcase classname="backend.tests.test_datamodel.TestArtifactCRUDBogus" name="test_get_artifact_bogus_404" time="0.049" /><testcase classname="backend.tests.test_datamodel.TestArtifactCRUDBogus" name="test_put_artifact_bogus_404" time="0.051" /><testcase classname="backend.tests.test_datamodel.TestArtifactCRUDBogus" name="test_freeze_artifact_bogus_404" time="0.052" /><testcase classname="backend.tests.test_datamodel.TestArtifactCRUDBogus" name="test_download_artifact_bogus_404" time="0.050" /><testcase classname="backend.tests.test_datamodel.TestExistingFlows" name="test_srs_get_still_works" time="0.050" /><testcase classname="backend.tests.test_datamodel.TestExistingFlows" name="test_pipeline_still_5_stages" time="0.048"><failure message="AssertionError: assert 'stages' in {'Architecture': {'frozen': False}, 'CodeGen': {'frozen': False}, 'DataModel': {'frozen': False}, 'Discovery': {'frozen': False}, ...}">backend/tests/test_datamodel.py:164: in test_pipeline_still_5_stages
    assert "stages" in stages
E   AssertionError: assert 'stages' in {'Architecture': {'frozen': False}, 'CodeGen': {'frozen': False}, 'DataModel': {'frozen': False}, 'Discovery': {'frozen': False}, ...}</failure></testcase><testcase classname="backend.tests.test_datamodel.TestExistingFlows" name="test_owl_export_still_works" time="0.191" /></testsuite></testsuites>